<?xml version="1.0" encoding="UTF-8"?>
<!-- Generated by org.testng.reporters.JUnitReportReporter -->
<testsuite hostname="MyHP-PC" name="mainWebDriverFramework.MainWebDriverFramework" tests="2" failures="0" timestamp="1 Sep 2016 02:13:15 GMT" time="8.754" errors="0">
  <testcase name="AOpeningBrowser" time="2.983" classname="mainWebDriverFramework.MainWebDriverFramework"/>
  <testcase name="LoggingIn" time="5.771" classname="mainWebDriverFramework.MainWebDriverFramework"/>
</testsuite> <!-- mainWebDriverFramework.MainWebDriverFramework -->
